[14Jun2024 01:45:26.393] [main/INFO] [cpw.mods.modlauncher.Launcher/MODLAUNCHER]: ModLauncher running: args [--gameDir, ., --launchTarget, fmlserver, --fml.forgeVersion, 36.2.39, --fml.mcpVersion, 20210115.111550, --fml.mcVersion, 1.16.5, --fml.forgeGroup, net.minecraftforge, nogui]
[14Jun2024 01:45:26.396] [main/INFO] [cpw.mods.modlauncher.Launcher/MODLAUNCHER]: ModLauncher 8.1.3+8.1.3+main-8.1.x.c94d18ec starting: java version 1.8.0_412 by Private Build
[14Jun2024 01:45:26.584] [main/INFO] [net.minecraftforge.fml.loading.FixSSL/CORE]: Added Lets Encrypt root certificates as additional trust
[14Jun2024 01:45:26.621] [main/INFO] [mixin/]: SpongePowered MIXIN Subsystem Version=0.8.4 Source=file:/workspaces/miserv/servidor_minecraft/libraries/org/spongepowered/mixin/0.8.4/mixin-0.8.4.jar Service=ModLauncher Env=SERVER
[14Jun2024 01:45:26.658] [main/WARN] [net.minecraftforge.fml.loading.FMLConfig/CORE]: Configuration file /workspaces/miserv/config/fml.toml is not correct. Correcting
[14Jun2024 01:45:26.663] [main/WARN] [net.minecraftforge.fml.loading.FMLConfig/CORE]: Incorrect key [defaultConfigPath] was corrected from null to defaultconfigs
[14Jun2024 01:45:26.664] [main/WARN] [net.minecraftforge.fml.loading.FMLConfig/CORE]: Incorrect key [maxThreads] was corrected from null to -1
[14Jun2024 01:45:26.664] [Thread-1/INFO] [STDERR/]: [com.electronwill.nightconfig.core.file.FileWatcher$WatcherThread:run:183]: com.electronwill.nightconfig.core.io.ParsingException: Invalid TOML data: entry "[maxThreads]" defined twice in its table.
[14Jun2024 01:45:26.664] [Thread-1/INFO] [STDERR/]: [com.electronwill.nightconfig.core.file.FileWatcher$WatcherThread:run:183]: 	at com.electronwill.nightconfig.toml.TableParser.checkDuplicateKey(TableParser.java:88)
[14Jun2024 01:45:26.665] [Thread-1/INFO] [STDERR/]: [com.electronwill.nightconfig.core.file.FileWatcher$WatcherThread:run:183]: 	at com.electronwill.nightconfig.toml.TableParser.parseNormal(TableParser.java:59)
[14Jun2024 01:45:26.665] [Thread-1/INFO] [STDERR/]: [com.electronwill.nightconfig.core.file.FileWatcher$WatcherThread:run:183]: 	at com.electronwill.nightconfig.toml.TomlParser.parse(TomlParser.java:44)
[14Jun2024 01:45:26.665] [Thread-1/INFO] [STDERR/]: [com.electronwill.nightconfig.core.file.FileWatcher$WatcherThread:run:183]: 	at com.electronwill.nightconfig.toml.TomlParser.parse(TomlParser.java:37)
[14Jun2024 01:45:26.666] [Thread-1/INFO] [STDERR/]: [com.electronwill.nightconfig.core.file.FileWatcher$WatcherThread:run:183]: 	at com.electronwill.nightconfig.core.io.ConfigParser.parse(ConfigParser.java:113)
[14Jun2024 01:45:26.666] [Thread-1/INFO] [STDERR/]: [com.electronwill.nightconfig.core.file.FileWatcher$WatcherThread:run:183]: 	at com.electronwill.nightconfig.core.io.ConfigParser.parse(ConfigParser.java:219)
[14Jun2024 01:45:26.667] [Thread-1/INFO] [STDERR/]: [com.electronwill.nightconfig.core.file.FileWatcher$WatcherThread:run:183]: 	at com.electronwill.nightconfig.core.io.ConfigParser.parse(ConfigParser.java:202)
[14Jun2024 01:45:26.667] [Thread-1/INFO] [STDERR/]: [com.electronwill.nightconfig.core.file.FileWatcher$WatcherThread:run:183]: 	at com.electronwill.nightconfig.core.file.WriteSyncFileConfig.load(WriteSyncFileConfig.java:73)
[14Jun2024 01:45:26.668] [Thread-1/INFO] [STDERR/]: [com.electronwill.nightconfig.core.file.FileWatcher$WatcherThread:run:183]: 	at com.electronwill.nightconfig.core.file.FileWatcher$WatcherThread.run(FileWatcher.java:181)
[14Jun2024 01:45:27.713] [main/INFO] [cpw.mods.modlauncher.LaunchServiceHandler/MODLAUNCHER]: Launching target 'fmlserver' with arguments [--gameDir, ., nogui]
[14Jun2024 01:45:27.950] [main/WARN] [net.minecraft.server.ServerEula/]: Failed to load eula.txt
[14Jun2024 01:45:27.953] [main/INFO] [net.minecraft.server.Main/]: You need to agree to the EULA in order to run the server. Go to eula.txt for more info.
